{"/Users/leighbarnes/Documents/01_Development/shopify-jwt-auth-verify/src/index.ts": {"path":"/Users/leighbarnes/Documents/01_Development/shopify-jwt-auth-verify/src/index.ts","statementMap":{"0":{"start":{"line":2,"column":0},"end":{"line":2,"column":32}},"1":{"start":{"line":3,"column":0},"end":{"line":3,"column":41}},"2":{"start":{"line":7,"column":21},"end":{"line":7,"column":43}},"3":{"start":{"line":7,"column":22},"end":{"line":7,"column":33}},"4":{"start":{"line":7,"column":33},"end":{"line":7,"column":null}},"5":{"start":{"line":8,"column":39},"end":{"line":8,"column":57}},"6":{"start":{"line":8,"column":51},"end":{"line":8,"column":null}},"7":{"start":{"line":12,"column":32},"end":{"line":50,"column":1}},"8":{"start":{"line":14,"column":2},"end":{"line":17,"column":null}},"9":{"start":{"line":15,"column":4},"end":{"line":15,"column":null}},"10":{"start":{"line":16,"column":4},"end":{"line":16,"column":null}},"11":{"start":{"line":19,"column":25},"end":{"line":19,"column":72}},"12":{"start":{"line":21,"column":75},"end":{"line":25,"column":null}},"13":{"start":{"line":27,"column":32},"end":{"line":27,"column":60}},"14":{"start":{"line":28,"column":31},"end":{"line":28,"column":97}},"15":{"start":{"line":29,"column":30},"end":{"line":29,"column":84}},"16":{"start":{"line":31,"column":2},"end":{"line":34,"column":null}},"17":{"start":{"line":32,"column":4},"end":{"line":32,"column":null}},"18":{"start":{"line":33,"column":4},"end":{"line":33,"column":null}},"19":{"start":{"line":36,"column":28},"end":{"line":36,"column":58}},"20":{"start":{"line":37,"column":15},"end":{"line":37,"column":42}},"21":{"start":{"line":38,"column":29},"end":{"line":38,"column":48}},"22":{"start":{"line":40,"column":2},"end":{"line":43,"column":null}},"23":{"start":{"line":41,"column":4},"end":{"line":41,"column":null}},"24":{"start":{"line":42,"column":4},"end":{"line":42,"column":null}},"25":{"start":{"line":45,"column":2},"end":{"line":47,"column":null}},"26":{"start":{"line":46,"column":4},"end":{"line":46,"column":null}},"27":{"start":{"line":49,"column":2},"end":{"line":49,"column":null}},"28":{"start":{"line":51,"column":0},"end":{"line":51,"column":null}}},"fnMap":{"0":{"name":"(anonymous_0)","decl":{"start":{"line":7,"column":21},"end":{"line":7,"column":22}},"loc":{"start":{"line":7,"column":28},"end":{"line":7,"column":43}}},"1":{"name":"(anonymous_1)","decl":{"start":{"line":8,"column":39},"end":{"line":8,"column":40}},"loc":{"start":{"line":8,"column":46},"end":{"line":8,"column":57}}},"2":{"name":"(anonymous_2)","decl":{"start":{"line":12,"column":32},"end":{"line":12,"column":33}},"loc":{"start":{"line":12,"column":85},"end":{"line":50,"column":1}}}},"branchMap":{"0":{"loc":{"start":{"line":7,"column":22},"end":{"line":7,"column":33}},"type":"if","locations":[{"start":{"line":7,"column":22},"end":{"line":7,"column":33}},{"start":{"line":7,"column":22},"end":{"line":7,"column":33}}]},"1":{"loc":{"start":{"line":14,"column":2},"end":{"line":17,"column":null}},"type":"if","locations":[{"start":{"line":14,"column":2},"end":{"line":17,"column":null}},{"start":{"line":14,"column":2},"end":{"line":17,"column":null}}]},"2":{"loc":{"start":{"line":14,"column":5},"end":{"line":14,"column":19}},"type":"binary-expr","locations":[{"start":{"line":14,"column":5},"end":{"line":14,"column":19}},{"start":{"line":14,"column":23},"end":{"line":14,"column":30}}]},"3":{"loc":{"start":{"line":31,"column":2},"end":{"line":34,"column":null}},"type":"if","locations":[{"start":{"line":31,"column":2},"end":{"line":34,"column":null}},{"start":{"line":31,"column":2},"end":{"line":34,"column":null}}]},"4":{"loc":{"start":{"line":40,"column":2},"end":{"line":43,"column":null}},"type":"if","locations":[{"start":{"line":40,"column":2},"end":{"line":43,"column":null}},{"start":{"line":40,"column":2},"end":{"line":43,"column":null}}]},"5":{"loc":{"start":{"line":45,"column":2},"end":{"line":47,"column":null}},"type":"if","locations":[{"start":{"line":45,"column":2},"end":{"line":47,"column":null}},{"start":{"line":45,"column":2},"end":{"line":47,"column":null}}]}},"s":{"0":1,"1":1,"2":1,"3":10,"4":10,"5":1,"6":5,"7":1,"8":6,"9":1,"10":1,"11":5,"12":5,"13":5,"14":5,"15":5,"16":5,"17":2,"18":2,"19":3,"20":3,"21":3,"22":3,"23":1,"24":1,"25":2,"26":1,"27":2,"28":1},"f":{"0":10,"1":5,"2":6},"b":{"0":[0,10],"1":[1,5],"2":[6,5],"3":[2,3],"4":[1,2],"5":[1,1]}}
,"/Users/leighbarnes/Documents/01_Development/shopify-jwt-auth-verify/utils/createMock.js": {"path":"/Users/leighbarnes/Documents/01_Development/shopify-jwt-auth-verify/utils/createMock.js","statementMap":{"0":{"start":{"line":1,"column":18},"end":{"line":1,"column":40}},"1":{"start":{"line":2,"column":19},"end":{"line":2,"column":41}},"2":{"start":{"line":3,"column":15},"end":{"line":3,"column":32}},"3":{"start":{"line":5,"column":13},"end":{"line":5,"column":52}},"4":{"start":{"line":5,"column":20},"end":{"line":5,"column":52}},"5":{"start":{"line":6,"column":24},"end":{"line":6,"column":121}},"6":{"start":{"line":6,"column":36},"end":{"line":6,"column":121}},"7":{"start":{"line":8,"column":19},"end":{"line":43,"column":1}},"8":{"start":{"line":10,"column":15},"end":{"line":10,"column":42}},"9":{"start":{"line":12,"column":21},"end":{"line":15,"column":3}},"10":{"start":{"line":17,"column":22},"end":{"line":26,"column":3}},"11":{"start":{"line":29,"column":24},"end":{"line":29,"column":108}},"12":{"start":{"line":30,"column":20},"end":{"line":30,"column":96}},"13":{"start":{"line":31,"column":20},"end":{"line":31,"column":99}},"14":{"start":{"line":33,"column":2},"end":{"line":41,"column":3}},"15":{"start":{"line":45,"column":0},"end":{"line":45,"column":38}}},"fnMap":{"0":{"name":"(anonymous_0)","decl":{"start":{"line":5,"column":13},"end":{"line":5,"column":14}},"loc":{"start":{"line":5,"column":20},"end":{"line":5,"column":52}},"line":5},"1":{"name":"(anonymous_1)","decl":{"start":{"line":6,"column":24},"end":{"line":6,"column":25}},"loc":{"start":{"line":6,"column":36},"end":{"line":6,"column":121}},"line":6},"2":{"name":"(anonymous_2)","decl":{"start":{"line":8,"column":19},"end":{"line":8,"column":20}},"loc":{"start":{"line":8,"column":56},"end":{"line":43,"column":1}},"line":8}},"branchMap":{"0":{"loc":{"start":{"line":8,"column":20},"end":{"line":8,"column":34}},"type":"default-arg","locations":[{"start":{"line":8,"column":29},"end":{"line":8,"column":34}}],"line":8},"1":{"loc":{"start":{"line":8,"column":36},"end":{"line":8,"column":51}},"type":"default-arg","locations":[{"start":{"line":8,"column":46},"end":{"line":8,"column":51}}],"line":8},"2":{"loc":{"start":{"line":31,"column":30},"end":{"line":31,"column":51}},"type":"cond-expr","locations":[{"start":{"line":31,"column":40},"end":{"line":31,"column":47}},{"start":{"line":31,"column":49},"end":{"line":31,"column":51}}],"line":31}},"s":{"0":1,"1":1,"2":1,"3":1,"4":10,"5":1,"6":10,"7":1,"8":5,"9":5,"10":5,"11":5,"12":5,"13":5,"14":5,"15":1},"f":{"0":10,"1":10,"2":5},"b":{"0":[2],"1":[3],"2":[2,3]},"inputSourceMap":null,"_coverageSchema":"1a1c01bbd47fc00a2c39e90264f33305004495a9","hash":"c3a1be4a5367dbeac6f02da33a94ec8064eb8bff"}
,"/Users/leighbarnes/Documents/01_Development/shopify-jwt-auth-verify/utils/mockCreds.js": {"path":"/Users/leighbarnes/Documents/01_Development/shopify-jwt-auth-verify/utils/mockCreds.js","statementMap":{"0":{"start":{"line":1,"column":18},"end":{"line":3,"column":1}},"1":{"start":{"line":5,"column":0},"end":{"line":5,"column":26}}},"fnMap":{},"branchMap":{},"s":{"0":1,"1":1},"f":{},"b":{},"inputSourceMap":null,"_coverageSchema":"1a1c01bbd47fc00a2c39e90264f33305004495a9","hash":"acea0f758edf4652082ac933883b91df29d77f9b"}
}
