TN:
SF:src/index.ts
FN:7,(anonymous_0)
FN:8,(anonymous_1)
FN:12,(anonymous_2)
FNF:3
FNH:3
FNDA:10,(anonymous_0)
FNDA:5,(anonymous_1)
FNDA:6,(anonymous_2)
DA:2,1
DA:3,1
DA:7,10
DA:8,5
DA:12,1
DA:14,6
DA:15,1
DA:16,1
DA:19,5
DA:21,5
DA:27,5
DA:28,5
DA:29,5
DA:31,5
DA:32,2
DA:33,2
DA:36,3
DA:37,3
DA:38,3
DA:40,3
DA:41,1
DA:42,1
DA:45,2
DA:46,1
DA:49,2
DA:51,1
LF:26
LH:26
BRDA:7,0,0,0
BRDA:7,0,1,10
BRDA:14,1,0,1
BRDA:14,1,1,5
BRDA:14,2,0,6
BRDA:14,2,1,5
BRDA:31,3,0,2
BRDA:31,3,1,3
BRDA:40,4,0,1
BRDA:40,4,1,2
BRDA:45,5,0,1
BRDA:45,5,1,1
BRF:12
BRH:11
end_of_record
TN:
SF:utils/createMock.js
FN:5,(anonymous_0)
FN:6,(anonymous_1)
FN:8,(anonymous_2)
FNF:3
FNH:3
FNDA:10,(anonymous_0)
FNDA:10,(anonymous_1)
FNDA:5,(anonymous_2)
DA:1,1
DA:2,1
DA:3,1
DA:5,10
DA:6,10
DA:8,1
DA:10,5
DA:12,5
DA:17,5
DA:29,5
DA:30,5
DA:31,5
DA:33,5
DA:45,1
LF:14
LH:14
BRDA:8,0,0,2
BRDA:8,1,0,3
BRDA:31,2,0,2
BRDA:31,2,1,3
BRF:4
BRH:4
end_of_record
TN:
SF:utils/mockCreds.js
FNF:0
FNH:0
DA:1,1
DA:5,1
LF:2
LH:2
BRF:0
BRH:0
end_of_record
